\BOOKMARK [0][-]{chapter*.1}{\376\377\000C\000o\000n\000t\000e\000n\000t\000s}{}% 1
\BOOKMARK [0][-]{chapter*.2}{\376\377\000L\000i\000s\000t\000\040\000o\000f\000\040\000F\000i\000g\000u\000r\000e\000s}{}% 2
\BOOKMARK [0][-]{chapter*.3}{\376\377\000L\000i\000s\000t\000\040\000o\000f\000\040\000L\000i\000s\000t\000i\000n\000g\000s}{}% 3
\BOOKMARK [0][-]{chapter.1}{\376\377\0001\000\040\000I\000n\000t\000r\000o\000d\000u\000c\000t\000i\000o\000n}{}% 4
\BOOKMARK [0][-]{chapter.2}{\376\377\0002\000\040\000A\000n\000i\000m\000a\000t\000i\000o\000n}{}% 5
\BOOKMARK [1][-]{section.2.1}{\376\377\0002\000.\0001\000\040\000N\000o\000t\000\040\000J\000u\000s\000t\000\040\000M\000o\000t\000i\000o\000n\000!}{chapter.2}% 6
\BOOKMARK [1][-]{section.2.2}{\376\377\0002\000.\0002\000\040\000W\000h\000y\000\040\000A\000n\000i\000m\000a\000t\000i\000o\000n\000\040\000i\000n\000\040\000W\000e\000b\000\040\000U\000I\000?}{chapter.2}% 7
\BOOKMARK [1][-]{section.2.3}{\376\377\0002\000.\0003\000\040\000A\000i\000m\000\040\000F\000o\000r\000\040\000I\000n\000v\000i\000s\000i\000b\000l\000e\000\040\000A\000n\000i\000m\000a\000t\000i\000o\000n}{chapter.2}% 8
\BOOKMARK [1][-]{section.2.4}{\376\377\0002\000.\0004\000\040\000D\000e\000v\000e\000l\000o\000p\000m\000e\000n\000t\000\040\000o\000f\000\040\000a\000n\000i\000m\000a\000t\000i\000o\000n}{chapter.2}% 9
\BOOKMARK [0][-]{chapter.3}{\376\377\0003\000\040\000C\000a\000s\000c\000a\000d\000i\000n\000g\000\040\000S\000t\000y\000l\000e\000\040\000S\000h\000e\000e\000t\000s\000\040\000\050\000C\000S\000S\000\051}{}% 10
\BOOKMARK [1][-]{section.3.1}{\376\377\0003\000.\0001\000\040\000D\000o\000\040\000E\000v\000e\000r\000y\000t\000h\000i\000n\000g\000\040\000Y\000o\000u\000\040\000C\000a\000n\000\040\000W\000i\000t\000h\000\040\000C\000S\000S}{chapter.3}% 11
\BOOKMARK [1][-]{section.3.2}{\376\377\0003\000.\0002\000\040\000C\000S\000S\000\040\000A\000n\000i\000m\000a\000t\000i\000o\000n\000\040\000D\000e\000c\000l\000a\000r\000a\000t\000i\000o\000n}{chapter.3}% 12
\BOOKMARK [2][-]{subsection.3.2.1}{\376\377\0003\000.\0002\000.\0001\000\040\000A\000n\000i\000m\000a\000t\000i\000o\000n\000\040\000P\000r\000o\000p\000e\000r\000t\000y\000\040\000a\000n\000d\000\040\000K\000e\000f\000r\000a\000m\000e\000\040\000R\000u\000l\000e}{section.3.2}% 13
\BOOKMARK [2][-]{subsection.3.2.2}{\376\377\0003\000.\0002\000.\0002\000\040\000T\000r\000a\000n\000s\000i\000t\000i\000o\000n\000\040\000P\000r\000o\000p\000e\000r\000t\000y\000\040\000a\000n\000d\000\040\000S\000e\000l\000e\000c\000t\000o\000r\000\040\000P\000a\000t\000t\000e\000r\000n}{section.3.2}% 14
\BOOKMARK [2][-]{subsection.3.2.3}{\376\377\0003\000.\0002\000.\0003\000\040\000P\000o\000w\000e\000r\000f\000u\000l\000\040\000E\000f\000f\000e\000c\000t\000\040\000f\000r\000o\000m\000\040\000S\000i\000n\000g\000l\000e\000\040\000P\000r\000o\000p\000e\000r\000t\000y}{section.3.2}% 15
\BOOKMARK [1][-]{section.3.3}{\376\377\0003\000.\0003\000\040\000C\000S\000S\000\040\000E\000x\000a\000m\000p\000l\000e\000s}{chapter.3}% 16
\BOOKMARK [2][-]{subsection.3.3.1}{\376\377\0003\000.\0003\000.\0001\000\040\000N\000a\000v\000i\000g\000a\000t\000i\000o\000n\000\040\000A\000n\000i\000m\000a\000t\000i\000o\000n}{section.3.3}% 17
\BOOKMARK [2][-]{subsection.3.3.2}{\376\377\0003\000.\0003\000.\0002\000\040\000L\000o\000a\000d\000i\000n\000g\000\040\000A\000n\000i\000m\000a\000t\000i\000o\000n}{section.3.3}% 18
\BOOKMARK [1][-]{section.3.4}{\376\377\0003\000.\0004\000\040\000S\000c\000a\000l\000a\000b\000l\000e\000\040\000V\000e\000c\000t\000o\000r\000\040\000G\000r\000a\000p\000h\000i\000c\000s\000\040\000\050\000S\000V\000G\000\051}{chapter.3}% 19
\BOOKMARK [2][-]{subsection.3.4.1}{\376\377\0003\000.\0004\000.\0001\000\040\000D\000e\000f\000i\000n\000i\000n\000g\000\040\000G\000r\000a\000p\000h\000i\000c\000a\000l\000\040\000E\000l\000e\000m\000e\000n\000t\000s\000i\000n\000\040\000S\000V\000G}{section.3.4}% 20
\BOOKMARK [2][-]{subsection.3.4.2}{\376\377\0003\000.\0004\000.\0002\000\040\000U\000s\000i\000n\000g\000\040\000S\000V\000G\000\040\000i\000n\000\040\000C\000S\000S\000\040\000A\000n\000i\000m\000a\000t\000i\000o\000n\000\040}{section.3.4}% 21
\BOOKMARK [0][-]{chapter.4}{\376\377\0004\000\040\000J\000a\000v\000a\000S\000c\000r\000i\000p\000t\000\040\000\050\000J\000S\000\051}{}% 22
\BOOKMARK [1][-]{section.4.1}{\376\377\0004\000.\0001\000\040\000W\000h\000e\000n\000\040\000t\000o\000\040\000U\000s\000e\000\040\000J\000S\000\040\000i\000n\000s\000t\000e\000a\000d\000\040\000o\000f\000\040\000C\000S\000S}{chapter.4}% 23
\BOOKMARK [1][-]{section.4.2}{\376\377\0004\000.\0002\000\040\000E\000x\000a\000m\000p\000l\000e\000s\000\040\000o\000f\000\040\000U\000s\000e\000f\000u\000l\000\040\000A\000n\000i\000m\000a\000t\000i\000o\000n\000s\000\040\000w\000i\000t\000h\000\040\000J\000S}{chapter.4}% 24
\BOOKMARK [0][-]{chapter.5}{\376\377\0005\000\040\000C\000o\000n\000c\000l\000u\000d\000i\000n\000g\000\040\000R\000e\000m\000a\000r\000k\000s}{}% 25
\BOOKMARK [0][-]{chapter*.17}{\376\377\000B\000i\000b\000l\000i\000o\000g\000r\000a\000p\000h\000y}{}% 26
